11:15:09.697 [com.intuit.karate.cli.Main.main()] INFO  com.intuit.karate - Karate version: 1.4.1
11:15:09.896 [com.intuit.karate.cli.Main.main()] DEBUG com.intuit.karate.Suite - [config] classpath:karate-config.js
11:15:31.460 [main] INFO  com.intuit.karate.Runner - using system property 'karate.options': --tags debug
11:15:32.029 [main] DEBUG com.intuit.karate.Suite - [config] classpath:karate-config.js
11:15:32.029 [main] INFO  com.intuit.karate.Suite - backed up existing 'target\karate-reports' dir to: target\karate-reports_1741191332029
11:15:32.661 [main] INFO  com.intuit.karate - karate.env system property was: null 
11:15:32.662 [main] INFO  com.intuit.karate - >> lock acquired, begin callSingle: classpath:helpers/GetToken.feature
11:15:32.866 [main] DEBUG com.intuit.karate - request:
1 > POST https://conduit-api.bondaracademy.com/api/users/login
1 > Content-Type: application/json; charset=UTF-8
1 > Content-Length: 58
1 > Host: conduit-api.bondaracademy.com
1 > Connection: Keep-Alive
1 > User-Agent: Apache-HttpClient/4.5.14 (Java/21.0.3)
1 > Accept-Encoding: gzip,deflate
{"user":{"email":"cloaiza@test.com","password":"karate1"}}

11:15:33.638 [main] DEBUG com.intuit.karate - response time in milliseconds: 772
1 < 200
1 < x-powered-by: Express
1 < vary: Origin
1 < content-type: application/json; charset=utf-8
1 < etag: W/"134-t1wPp4AD0ri6NC1IUSexS9ntDzs"
1 < X-Cloud-Trace-Context: 40d121df40dc861ffe78b639e2d9410d;o=1
1 < Date: Wed, 05 Mar 2025 16:15:33 GMT
1 < Server: Google Frontend
1 < Content-Length: 308
{"user":{"email":"cloaiza@test.com","username":"cloaiza","bio":null,"image":"https://conduit-api.bondaracademy.com/images/smiley-cyrus.jpeg","token":"eyJhbGciOiJIUzI1NiIsInR5cCI6IkpXVCJ9.eyJ1c2VyIjp7ImlkIjoyMTMzN30sImlhdCI6MTc0MTE5MTMzMywiZXhwIjoxNzQ2Mzc1MzMzfQ.C-v6dzISEG6eEFRkHouMJRiAaCqoOo4pj0gnAEbSTS8"}}

11:15:33.658 [main] INFO  com.intuit.karate - << lock released, cached callSingle: classpath:helpers/GetToken.feature
11:15:33.672 [main] ERROR com.intuit.karate - classpath:conduitApp/feature/HomePage.feature:84
* match 10 == '10'
match failed: EQUALS
  $ | data types don't match (NUMBER:STRING)
  10
  '10'

classpath:conduitApp/feature/HomePage.feature:84
11:15:34.039 [main] INFO  com.intuit.karate.Suite - <<fail>> feature 2 of 5 (0 remaining) classpath:conduitApp/feature/HomePage.feature
11:15:34.042 [main] INFO  com.intuit.karate - karate.env system property was: null 
11:15:34.042 [main] INFO  com.intuit.karate - >> lock acquired, begin callonce: read('classpath:helpers/Dummy.feature')
11:15:34.218 [main] INFO  com.intuit.karate - [print] ok.gusikowski 
11:15:34.218 [main] INFO  com.intuit.karate - << lock released, cached callonce: read('classpath:helpers/Dummy.feature')
11:15:34.218 [main] INFO  com.intuit.karate - [print] mervin2@test.com 
11:15:34.218 [main] INFO  com.intuit.karate - [print] This is the first scenario 
11:15:34.263 [main] INFO  com.intuit.karate - [print] claud.dickens 
11:15:34.264 [main] INFO  com.intuit.karate - karate.env system property was: null 
11:15:34.271 [main] INFO  com.intuit.karate - [print] mervin2@test.com 
11:15:34.272 [main] INFO  com.intuit.karate - [print] This is the second scenario 
11:15:34.304 [main] INFO  com.intuit.karate - [print] seymour.skiles 
11:15:34.304 [main] INFO  com.intuit.karate - After Feature Text 
11:15:34.422 [main] INFO  com.intuit.karate.Suite - <<pass>> feature 4 of 5 (0 remaining) classpath:conduitApp/feature/Hooks.feature
11:15:34.425 [main] DEBUG com.intuit.karate.Suite - waiting for 5 features to complete
11:15:34.712 [main] INFO  n.m.cucumber.ReportParser - File 'C:\Users\loaiz\OneDrive\Documentos\Automation\Karate\KarateDemo1\target\karate-reports\conduitApp.feature.HomePage.json' contains 1 feature(s)
11:15:34.717 [main] INFO  n.m.cucumber.ReportParser - File 'C:\Users\loaiz\OneDrive\Documentos\Automation\Karate\KarateDemo1\target\karate-reports\conduitApp.feature.Hooks.json' contains 1 feature(s)
11:16:34.805 [main] INFO  com.intuit.karate.Runner - using system property 'karate.options': --tags debug
11:16:35.372 [main] DEBUG com.intuit.karate.Suite - [config] classpath:karate-config.js
11:16:35.384 [main] INFO  com.intuit.karate.Suite - backed up existing 'target\karate-reports' dir to: target\karate-reports_1741191395372
11:16:35.991 [main] INFO  com.intuit.karate - karate.env system property was: null 
11:16:35.997 [main] INFO  com.intuit.karate - >> lock acquired, begin callSingle: classpath:helpers/GetToken.feature
11:16:36.193 [main] DEBUG com.intuit.karate - request:
1 > POST https://conduit-api.bondaracademy.com/api/users/login
1 > Content-Type: application/json; charset=UTF-8
1 > Content-Length: 58
1 > Host: conduit-api.bondaracademy.com
1 > Connection: Keep-Alive
1 > User-Agent: Apache-HttpClient/4.5.14 (Java/21.0.3)
1 > Accept-Encoding: gzip,deflate
{"user":{"email":"cloaiza@test.com","password":"karate1"}}

11:16:36.704 [main] DEBUG com.intuit.karate - response time in milliseconds: 511
1 < 200
1 < x-powered-by: Express
1 < vary: Origin
1 < content-type: application/json; charset=utf-8
1 < etag: W/"134-v/aQyjDS54jdeMRTgzfgBiMLO4E"
1 < X-Cloud-Trace-Context: 35ed63cf938a7a560b8d2810121cd5a2;o=1
1 < Date: Wed, 05 Mar 2025 16:16:36 GMT
1 < Server: Google Frontend
1 < Content-Length: 308
{"user":{"email":"cloaiza@test.com","username":"cloaiza","bio":null,"image":"https://conduit-api.bondaracademy.com/images/smiley-cyrus.jpeg","token":"eyJhbGciOiJIUzI1NiIsInR5cCI6IkpXVCJ9.eyJ1c2VyIjp7ImlkIjoyMTMzN30sImlhdCI6MTc0MTE5MTM5NiwiZXhwIjoxNzQ2Mzc1Mzk2fQ.RquzS2WUk27yhxK9WKJlFFXtZshpj1NRUHWdK1x2vkc"}}

11:16:36.717 [main] INFO  com.intuit.karate - << lock released, cached callSingle: classpath:helpers/GetToken.feature
11:16:36.731 [main] ERROR com.intuit.karate - classpath:conduitApp/feature/HomePage.feature:86
* match json == { "bar": '10' }
match failed: EQUALS
  $ | not equal | match failed for name: 'bar' (MAP:MAP)
  {"bar":10}
  {"bar":"10"}

    $.bar | data types don't match (NUMBER:STRING)
    10
    '10'

classpath:conduitApp/feature/HomePage.feature:86
11:16:37.097 [main] INFO  com.intuit.karate.Suite - <<fail>> feature 2 of 5 (0 remaining) classpath:conduitApp/feature/HomePage.feature
11:16:37.112 [main] INFO  com.intuit.karate - karate.env system property was: null 
11:16:37.114 [main] INFO  com.intuit.karate - >> lock acquired, begin callonce: read('classpath:helpers/Dummy.feature')
11:16:37.269 [main] INFO  com.intuit.karate - [print] salvatore.rice 
11:16:37.269 [main] INFO  com.intuit.karate - << lock released, cached callonce: read('classpath:helpers/Dummy.feature')
11:16:37.269 [main] INFO  com.intuit.karate - [print] bobbie2@test.com 
11:16:37.269 [main] INFO  com.intuit.karate - [print] This is the first scenario 
11:16:37.321 [main] INFO  com.intuit.karate - [print] hyman.armstrong 
11:16:37.321 [main] INFO  com.intuit.karate - karate.env system property was: null 
11:16:37.321 [main] INFO  com.intuit.karate - [print] bobbie2@test.com 
11:16:37.321 [main] INFO  com.intuit.karate - [print] This is the second scenario 
11:16:37.351 [main] INFO  com.intuit.karate - [print] hobert.lang 
11:16:37.351 [main] INFO  com.intuit.karate - After Feature Text 
11:16:37.446 [main] INFO  com.intuit.karate.Suite - <<pass>> feature 4 of 5 (0 remaining) classpath:conduitApp/feature/Hooks.feature
11:16:37.448 [main] DEBUG com.intuit.karate.Suite - waiting for 5 features to complete
11:16:37.735 [main] INFO  n.m.cucumber.ReportParser - File 'C:\Users\loaiz\OneDrive\Documentos\Automation\Karate\KarateDemo1\target\karate-reports\conduitApp.feature.HomePage.json' contains 1 feature(s)
11:16:37.738 [main] INFO  n.m.cucumber.ReportParser - File 'C:\Users\loaiz\OneDrive\Documentos\Automation\Karate\KarateDemo1\target\karate-reports\conduitApp.feature.Hooks.json' contains 1 feature(s)
11:17:01.909 [main] INFO  com.intuit.karate.Runner - using system property 'karate.options': --tags debug
11:17:02.446 [main] DEBUG com.intuit.karate.Suite - [config] classpath:karate-config.js
11:17:02.462 [main] INFO  com.intuit.karate.Suite - backed up existing 'target\karate-reports' dir to: target\karate-reports_1741191422462
11:17:03.072 [main] INFO  com.intuit.karate - karate.env system property was: null 
11:17:03.079 [main] INFO  com.intuit.karate - >> lock acquired, begin callSingle: classpath:helpers/GetToken.feature
11:17:03.292 [main] DEBUG com.intuit.karate - request:
1 > POST https://conduit-api.bondaracademy.com/api/users/login
1 > Content-Type: application/json; charset=UTF-8
1 > Content-Length: 58
1 > Host: conduit-api.bondaracademy.com
1 > Connection: Keep-Alive
1 > User-Agent: Apache-HttpClient/4.5.14 (Java/21.0.3)
1 > Accept-Encoding: gzip,deflate
{"user":{"email":"cloaiza@test.com","password":"karate1"}}

11:17:04.512 [main] DEBUG com.intuit.karate - response time in milliseconds: 1218
1 < 200
1 < x-powered-by: Express
1 < vary: Origin
1 < content-type: application/json; charset=utf-8
1 < etag: W/"134-VNpqlFTFLKbFQ7GeJb5oUP/ZUsI"
1 < X-Cloud-Trace-Context: cf1f5cf36e70f3c9d0799c3df4ffad5c;o=1
1 < Date: Wed, 05 Mar 2025 16:17:04 GMT
1 < Server: Google Frontend
1 < Content-Length: 308
{"user":{"email":"cloaiza@test.com","username":"cloaiza","bio":null,"image":"https://conduit-api.bondaracademy.com/images/smiley-cyrus.jpeg","token":"eyJhbGciOiJIUzI1NiIsInR5cCI6IkpXVCJ9.eyJ1c2VyIjp7ImlkIjoyMTMzN30sImlhdCI6MTc0MTE5MTQyNCwiZXhwIjoxNzQ2Mzc1NDI0fQ.j85R9SrqZ77k-RBYJM2JFXdes3HpPeTVJOl1SVAZqOQ"}}

11:17:04.518 [main] INFO  com.intuit.karate - << lock released, cached callSingle: classpath:helpers/GetToken.feature
11:17:04.875 [main] INFO  com.intuit.karate.Suite - <<pass>> feature 2 of 5 (0 remaining) classpath:conduitApp/feature/HomePage.feature
11:17:04.886 [main] INFO  com.intuit.karate - karate.env system property was: null 
11:17:04.893 [main] INFO  com.intuit.karate - >> lock acquired, begin callonce: read('classpath:helpers/Dummy.feature')
11:17:05.047 [main] INFO  com.intuit.karate - [print] janyce.gleason 
11:17:05.047 [main] INFO  com.intuit.karate - << lock released, cached callonce: read('classpath:helpers/Dummy.feature')
11:17:05.047 [main] INFO  com.intuit.karate - [print] macy51@test.com 
11:17:05.047 [main] INFO  com.intuit.karate - [print] This is the first scenario 
11:17:05.094 [main] INFO  com.intuit.karate - [print] moises.lemke 
11:17:05.101 [main] INFO  com.intuit.karate - karate.env system property was: null 
11:17:05.104 [main] INFO  com.intuit.karate - [print] macy51@test.com 
11:17:05.104 [main] INFO  com.intuit.karate - [print] This is the second scenario 
11:17:05.135 [main] INFO  com.intuit.karate - [print] waylon.johns 
11:17:05.135 [main] INFO  com.intuit.karate - After Feature Text 
11:17:05.262 [main] INFO  com.intuit.karate.Suite - <<pass>> feature 4 of 5 (0 remaining) classpath:conduitApp/feature/Hooks.feature
11:17:05.266 [main] DEBUG com.intuit.karate.Suite - waiting for 5 features to complete
11:17:05.549 [main] INFO  n.m.cucumber.ReportParser - File 'C:\Users\loaiz\OneDrive\Documentos\Automation\Karate\KarateDemo1\target\karate-reports\conduitApp.feature.HomePage.json' contains 1 feature(s)
11:17:05.549 [main] INFO  n.m.cucumber.ReportParser - File 'C:\Users\loaiz\OneDrive\Documentos\Automation\Karate\KarateDemo1\target\karate-reports\conduitApp.feature.Hooks.json' contains 1 feature(s)
11:17:51.630 [main] INFO  com.intuit.karate.Runner - using system property 'karate.options': --tags debug
11:17:52.195 [main] DEBUG com.intuit.karate.Suite - [config] classpath:karate-config.js
11:17:52.195 [main] INFO  com.intuit.karate.Suite - backed up existing 'target\karate-reports' dir to: target\karate-reports_1741191472195
11:17:52.806 [main] INFO  com.intuit.karate - karate.env system property was: null 
11:17:52.811 [main] INFO  com.intuit.karate - >> lock acquired, begin callSingle: classpath:helpers/GetToken.feature
11:17:53.005 [main] DEBUG com.intuit.karate - request:
1 > POST https://conduit-api.bondaracademy.com/api/users/login
1 > Content-Type: application/json; charset=UTF-8
1 > Content-Length: 58
1 > Host: conduit-api.bondaracademy.com
1 > Connection: Keep-Alive
1 > User-Agent: Apache-HttpClient/4.5.14 (Java/21.0.3)
1 > Accept-Encoding: gzip,deflate
{"user":{"email":"cloaiza@test.com","password":"karate1"}}

11:17:53.504 [main] DEBUG com.intuit.karate - response time in milliseconds: 499
1 < 200
1 < x-powered-by: Express
1 < vary: Origin
1 < content-type: application/json; charset=utf-8
1 < etag: W/"134-uV7ePSCPOfCJfj0Ti/aw/+D2+Dk"
1 < X-Cloud-Trace-Context: b9f8b4c06ea610c378dc56fb702bcbf2
1 < Date: Wed, 05 Mar 2025 16:17:53 GMT
1 < Server: Google Frontend
1 < Content-Length: 308
{"user":{"email":"cloaiza@test.com","username":"cloaiza","bio":null,"image":"https://conduit-api.bondaracademy.com/images/smiley-cyrus.jpeg","token":"eyJhbGciOiJIUzI1NiIsInR5cCI6IkpXVCJ9.eyJ1c2VyIjp7ImlkIjoyMTMzN30sImlhdCI6MTc0MTE5MTQ3MywiZXhwIjoxNzQ2Mzc1NDczfQ.EvWOst-6RH0mSfsSXqars8lbQi1GovJ3lOV3HqVrTLg"}}

11:17:53.521 [main] INFO  com.intuit.karate - << lock released, cached callSingle: classpath:helpers/GetToken.feature
11:17:53.539 [main] ERROR com.intuit.karate - classpath:conduitApp/feature/HomePage.feature:91
* match json == { "bar": 10 }
match failed: EQUALS
  $ | not equal | match failed for name: 'bar' (MAP:MAP)
  {"bar":"10"}
  {"bar":10}

    $.bar | data types don't match (STRING:NUMBER)
    '10'
    10

classpath:conduitApp/feature/HomePage.feature:91
11:17:53.936 [main] INFO  com.intuit.karate.Suite - <<fail>> feature 2 of 5 (0 remaining) classpath:conduitApp/feature/HomePage.feature
11:17:53.942 [main] INFO  com.intuit.karate - karate.env system property was: null 
11:17:53.942 [main] INFO  com.intuit.karate - >> lock acquired, begin callonce: read('classpath:helpers/Dummy.feature')
11:17:54.107 [main] INFO  com.intuit.karate - [print] sharika.pfeffer 
11:17:54.107 [main] INFO  com.intuit.karate - << lock released, cached callonce: read('classpath:helpers/Dummy.feature')
11:17:54.107 [main] INFO  com.intuit.karate - [print] melaine55@test.com 
11:17:54.107 [main] INFO  com.intuit.karate - [print] This is the first scenario 
11:17:54.163 [main] INFO  com.intuit.karate - [print] nicolas.will 
11:17:54.168 [main] INFO  com.intuit.karate - karate.env system property was: null 
11:17:54.171 [main] INFO  com.intuit.karate - [print] melaine55@test.com 
11:17:54.172 [main] INFO  com.intuit.karate - [print] This is the second scenario 
11:17:54.199 [main] INFO  com.intuit.karate - [print] kala.jacobson 
11:17:54.199 [main] INFO  com.intuit.karate - After Feature Text 
11:17:54.269 [main] INFO  com.intuit.karate.Suite - <<pass>> feature 4 of 5 (0 remaining) classpath:conduitApp/feature/Hooks.feature
11:17:54.277 [main] DEBUG com.intuit.karate.Suite - waiting for 5 features to complete
11:17:54.574 [main] INFO  n.m.cucumber.ReportParser - File 'C:\Users\loaiz\OneDrive\Documentos\Automation\Karate\KarateDemo1\target\karate-reports\conduitApp.feature.HomePage.json' contains 1 feature(s)
11:17:54.577 [main] INFO  n.m.cucumber.ReportParser - File 'C:\Users\loaiz\OneDrive\Documentos\Automation\Karate\KarateDemo1\target\karate-reports\conduitApp.feature.Hooks.json' contains 1 feature(s)
11:18:14.581 [main] INFO  com.intuit.karate.Runner - using system property 'karate.options': --tags debug
11:18:15.118 [main] DEBUG com.intuit.karate.Suite - [config] classpath:karate-config.js
11:18:15.118 [main] INFO  com.intuit.karate.Suite - backed up existing 'target\karate-reports' dir to: target\karate-reports_1741191495118
11:18:15.720 [main] INFO  com.intuit.karate - karate.env system property was: null 
11:18:15.726 [main] INFO  com.intuit.karate - >> lock acquired, begin callSingle: classpath:helpers/GetToken.feature
11:18:15.916 [main] DEBUG com.intuit.karate - request:
1 > POST https://conduit-api.bondaracademy.com/api/users/login
1 > Content-Type: application/json; charset=UTF-8
1 > Content-Length: 58
1 > Host: conduit-api.bondaracademy.com
1 > Connection: Keep-Alive
1 > User-Agent: Apache-HttpClient/4.5.14 (Java/21.0.3)
1 > Accept-Encoding: gzip,deflate
{"user":{"email":"cloaiza@test.com","password":"karate1"}}

11:18:16.454 [main] DEBUG com.intuit.karate - response time in milliseconds: 523
1 < 200
1 < x-powered-by: Express
1 < vary: Origin
1 < content-type: application/json; charset=utf-8
1 < etag: W/"134-upRXCJH0J+z8wGZFWRorpGLk7HQ"
1 < X-Cloud-Trace-Context: c4da691d287715280a36b38990a73ac2;o=1
1 < Date: Wed, 05 Mar 2025 16:18:16 GMT
1 < Server: Google Frontend
1 < Content-Length: 308
{"user":{"email":"cloaiza@test.com","username":"cloaiza","bio":null,"image":"https://conduit-api.bondaracademy.com/images/smiley-cyrus.jpeg","token":"eyJhbGciOiJIUzI1NiIsInR5cCI6IkpXVCJ9.eyJ1c2VyIjp7ImlkIjoyMTMzN30sImlhdCI6MTc0MTE5MTQ5NiwiZXhwIjoxNzQ2Mzc1NDk2fQ.Rh_6eMOint8fZ6vgu3QWjzBpvF8gl-qlRdWOrQl_NDQ"}}

11:18:16.460 [main] INFO  com.intuit.karate - << lock released, cached callSingle: classpath:helpers/GetToken.feature
11:18:16.887 [main] INFO  com.intuit.karate.Suite - <<pass>> feature 2 of 5 (0 remaining) classpath:conduitApp/feature/HomePage.feature
11:18:16.901 [main] INFO  com.intuit.karate - karate.env system property was: null 
11:18:16.901 [main] INFO  com.intuit.karate - >> lock acquired, begin callonce: read('classpath:helpers/Dummy.feature')
11:18:17.059 [main] INFO  com.intuit.karate - [print] renate.bartell 
11:18:17.059 [main] INFO  com.intuit.karate - << lock released, cached callonce: read('classpath:helpers/Dummy.feature')
11:18:17.064 [main] INFO  com.intuit.karate - [print] greg26@test.com 
11:18:17.064 [main] INFO  com.intuit.karate - [print] This is the first scenario 
11:18:17.114 [main] INFO  com.intuit.karate - [print] jaime.lebsack 
11:18:17.118 [main] INFO  com.intuit.karate - karate.env system property was: null 
11:18:17.118 [main] INFO  com.intuit.karate - [print] greg26@test.com 
11:18:17.118 [main] INFO  com.intuit.karate - [print] This is the second scenario 
11:18:17.157 [main] INFO  com.intuit.karate - [print] billie.kreiger 
11:18:17.158 [main] INFO  com.intuit.karate - After Feature Text 
11:18:17.254 [main] INFO  com.intuit.karate.Suite - <<pass>> feature 4 of 5 (0 remaining) classpath:conduitApp/feature/Hooks.feature
11:18:17.254 [main] DEBUG com.intuit.karate.Suite - waiting for 5 features to complete
11:18:17.568 [main] INFO  n.m.cucumber.ReportParser - File 'C:\Users\loaiz\OneDrive\Documentos\Automation\Karate\KarateDemo1\target\karate-reports\conduitApp.feature.HomePage.json' contains 1 feature(s)
11:18:17.572 [main] INFO  n.m.cucumber.ReportParser - File 'C:\Users\loaiz\OneDrive\Documentos\Automation\Karate\KarateDemo1\target\karate-reports\conduitApp.feature.Hooks.json' contains 1 feature(s)
11:19:09.987 [main] INFO  com.intuit.karate.Runner - using system property 'karate.options': --tags debug
11:19:10.561 [main] DEBUG com.intuit.karate.Suite - [config] classpath:karate-config.js
11:19:10.564 [main] INFO  com.intuit.karate.Suite - backed up existing 'target\karate-reports' dir to: target\karate-reports_1741191550562
11:19:11.184 [main] INFO  com.intuit.karate - karate.env system property was: null 
11:19:11.191 [main] INFO  com.intuit.karate - >> lock acquired, begin callSingle: classpath:helpers/GetToken.feature
11:19:11.400 [main] DEBUG com.intuit.karate - request:
1 > POST https://conduit-api.bondaracademy.com/api/users/login
1 > Content-Type: application/json; charset=UTF-8
1 > Content-Length: 58
1 > Host: conduit-api.bondaracademy.com
1 > Connection: Keep-Alive
1 > User-Agent: Apache-HttpClient/4.5.14 (Java/21.0.3)
1 > Accept-Encoding: gzip,deflate
{"user":{"email":"cloaiza@test.com","password":"karate1"}}

11:19:11.944 [main] DEBUG com.intuit.karate - response time in milliseconds: 542
1 < 200
1 < x-powered-by: Express
1 < vary: Origin
1 < content-type: application/json; charset=utf-8
1 < etag: W/"134-G0j758oD0WSBnQlNMAswodTj32I"
1 < X-Cloud-Trace-Context: 31b80c5f82e60d4bb496629690dd2753;o=1
1 < Date: Wed, 05 Mar 2025 16:19:11 GMT
1 < Server: Google Frontend
1 < Content-Length: 308
{"user":{"email":"cloaiza@test.com","username":"cloaiza","bio":null,"image":"https://conduit-api.bondaracademy.com/images/smiley-cyrus.jpeg","token":"eyJhbGciOiJIUzI1NiIsInR5cCI6IkpXVCJ9.eyJ1c2VyIjp7ImlkIjoyMTMzN30sImlhdCI6MTc0MTE5MTU1MSwiZXhwIjoxNzQ2Mzc1NTUxfQ.JtK9GLHr0bpaeqFUjyn2n-syyNzGQfFLStUQd9v9bIA"}}

11:19:11.949 [main] INFO  com.intuit.karate - << lock released, cached callSingle: classpath:helpers/GetToken.feature
11:19:12.380 [main] INFO  com.intuit.karate.Suite - <<pass>> feature 2 of 5 (0 remaining) classpath:conduitApp/feature/HomePage.feature
11:19:12.387 [main] INFO  com.intuit.karate - karate.env system property was: null 
11:19:12.391 [main] INFO  com.intuit.karate - >> lock acquired, begin callonce: read('classpath:helpers/Dummy.feature')
11:19:12.544 [main] INFO  com.intuit.karate - [print] louie.wehner 
11:19:12.545 [main] INFO  com.intuit.karate - << lock released, cached callonce: read('classpath:helpers/Dummy.feature')
11:19:12.548 [main] INFO  com.intuit.karate - [print] chau0@test.com 
11:19:12.549 [main] INFO  com.intuit.karate - [print] This is the first scenario 
11:19:12.593 [main] INFO  com.intuit.karate - [print] wm.rice 
11:19:12.598 [main] INFO  com.intuit.karate - karate.env system property was: null 
11:19:12.601 [main] INFO  com.intuit.karate - [print] chau0@test.com 
11:19:12.601 [main] INFO  com.intuit.karate - [print] This is the second scenario 
11:19:12.633 [main] INFO  com.intuit.karate - [print] dannie.macejkovic 
11:19:12.634 [main] INFO  com.intuit.karate - After Feature Text 
11:19:12.714 [main] INFO  com.intuit.karate.Suite - <<pass>> feature 4 of 5 (0 remaining) classpath:conduitApp/feature/Hooks.feature
11:19:12.718 [main] DEBUG com.intuit.karate.Suite - waiting for 5 features to complete
11:19:13.004 [main] INFO  n.m.cucumber.ReportParser - File 'C:\Users\loaiz\OneDrive\Documentos\Automation\Karate\KarateDemo1\target\karate-reports\conduitApp.feature.HomePage.json' contains 1 feature(s)
11:19:13.008 [main] INFO  n.m.cucumber.ReportParser - File 'C:\Users\loaiz\OneDrive\Documentos\Automation\Karate\KarateDemo1\target\karate-reports\conduitApp.feature.Hooks.json' contains 1 feature(s)
